<?xml version="1.0" encoding="UTF-8"?>
<testng-results ignored="0" total="1" passed="1" failed="0" skipped="0">
  <reporter-output>
  </reporter-output>
  <suite started-at="2024-08-29T22:02:25 SAST" name="Default suite" finished-at="2024-08-29T22:02:44 SAST" duration-ms="18606">
    <groups>
      <group name="cucumber">
        <method signature="AbstractTestNGCucumberTests.runScenario(io.cucumber.testng.PickleWrapper,io.cucumber.testng.FeatureWrapper)[pri:0, instance:RunnerPackage.TestRunnerIMS@5f049ea1]" name="runScenario" class="io.cucumber.testng.AbstractTestNGCucumberTests"/>
      </group> <!-- cucumber -->
    </groups>
    <test started-at="2024-08-29T22:02:25 SAST" name="Default test" finished-at="2024-08-29T22:02:44 SAST" duration-ms="18606">
      <class name="RunnerPackage.TestRunnerIMS">
        <test-method is-config="true" signature="setUpClass(org.testng.ITestContext)[pri:0, instance:RunnerPackage.TestRunnerIMS@5f049ea1]" started-at="2024-08-29T22:02:25 SAST" name="setUpClass" finished-at="2024-08-29T22:02:26 SAST" duration-ms="524" status="PASS">
          <params>
            <param index="0">
              <value>
                <![CDATA[org.testng.TestRunner@36cc9385]]>
              </value>
            </param>
          </params>
          <reporter-output>
          </reporter-output>
        </test-method> <!-- setUpClass -->
        <test-method signature="runScenario(io.cucumber.testng.PickleWrapper,io.cucumber.testng.FeatureWrapper)[pri:0, instance:RunnerPackage.TestRunnerIMS@5f049ea1]" started-at="2024-08-29T22:02:26 SAST" name="runScenario" description="Runs Cucumber Scenarios" data-provider="scenarios" finished-at="2024-08-29T22:02:44 SAST" duration-ms="18013" status="PASS">
          <params>
            <param index="0">
              <value>
                <![CDATA["Check loginis successful with valid creds"]]>
              </value>
            </param>
            <param index="1">
              <value>
                <![CDATA["Login page automation of demo app"]]>
              </value>
            </param>
          </params>
          <reporter-output>
          </reporter-output>
        </test-method> <!-- runScenario -->
        <test-method is-config="true" signature="tearDownClass()[pri:0, instance:RunnerPackage.TestRunnerIMS@5f049ea1]" started-at="2024-08-29T22:02:44 SAST" name="tearDownClass" finished-at="2024-08-29T22:02:44 SAST" duration-ms="20" status="PASS">
          <reporter-output>
          </reporter-output>
        </test-method> <!-- tearDownClass -->
      </class> <!-- RunnerPackage.TestRunnerIMS -->
    </test> <!-- Default test -->
  </suite> <!-- Default suite -->
</testng-results>
